Using pre-set license
Built from '2020.2/release' branch; Version is '2020.2.1f1 (270dd8c3da1c) revision 2559448'; Using compiler version '192528614'; Build Type 'Release'
OS: 'Windows 10  (10.0.0) 64bit' Language: 'en' Physical Memory: 65460 MB
BatchMode: 1, IsHumanControllingUs: 0, StartBugReporterOnCrash: 0, Is64bit: 1, IsPro: 0

 COMMAND LINE ARGUMENTS:
C:\Program Files\Unity\Hub\Editor\2020.2.1f1\Editor\Unity.exe
-adb2
-batchMode
-noUpm
-name
AssetImportWorker0
-projectPath
F:/vFTC-Field-main/vFTC-Field-main
-logFile
Logs/AssetImportWorker0.log
-srvPort
54874
Successfully changed project path to: F:/vFTC-Field-main/vFTC-Field-main
F:/vFTC-Field-main/vFTC-Field-main
Using Asset Import Pipeline V2.
Refreshing native plugins compatible for Editor in 48.75 ms, found 1 plugins.
Preloading 1 native plugins for Editor in 3.11 ms.
Initialize engine version: 2020.2.1f1 (270dd8c3da1c)
[Subsystems] Discovering subsystems at path C:/Program Files/Unity/Hub/Editor/2020.2.1f1/Editor/Data/Resources/UnitySubsystems
[Subsystems] Discovering subsystems at path F:/vFTC-Field-main/vFTC-Field-main/Assets
GfxDevice: creating device client; threaded=0
Direct3D:
    Version:  Direct3D 11.0 [level 11.1]
    Renderer: NVIDIA GeForce RTX 3090 (ID=0x2204)
    Vendor:   
    VRAM:     24348 MB
    Driver:   27.21.14.6589
Shader 'Universal Render Pipeline/Particles/Lit': fallback shader 'Universal Render Pipeline/Particles/SimpleLit' not found
Initialize mono
Mono path[0] = 'C:/Program Files/Unity/Hub/Editor/2020.2.1f1/Editor/Data/Managed'
Mono path[1] = 'C:/Program Files/Unity/Hub/Editor/2020.2.1f1/Editor/Data/MonoBleedingEdge/lib/mono/unityjit'
Mono config path = 'C:/Program Files/Unity/Hub/Editor/2020.2.1f1/Editor/Data/MonoBleedingEdge/etc'
Using monoOptions --debugger-agent=transport=dt_socket,embedding=1,server=y,suspend=n,address=127.0.0.1:56464
Begin MonoManager ReloadAssembly
Registering precompiled unity dll's ...
Register platform support module: C:/Program Files/Unity/Hub/Editor/2020.2.1f1/Editor/Data/PlaybackEngines/WebGLSupport/UnityEditor.WebGL.Extensions.dll
Register platform support module: C:/Program Files/Unity/Hub/Editor/2020.2.1f1/Editor/Data/PlaybackEngines/WindowsStandaloneSupport/UnityEditor.WindowsStandalone.Extensions.dll
Registered in 0.001852 seconds.
Native extension for WindowsStandalone target not found
Native extension for WebGL target not found
Refreshing native plugins compatible for Editor in 51.27 ms, found 1 plugins.
Preloading 1 native plugins for Editor in 0.05 ms.
Invoked RoslynAnalysisRunner static constructor.
RoslynAnalysisRunner will not be running.
RoslynAnalysisRunner has terminated.
Mono: successfully reloaded assembly
- Completed reload, in  0.886 seconds
Platform modules already initialized, skipping
Registering precompiled user dll's ...
Registered in 0.001071 seconds.
Begin MonoManager ReloadAssembly
Native extension for WindowsStandalone target not found
Native extension for WebGL target not found
Refreshing native plugins compatible for Editor in 55.12 ms, found 1 plugins.
Preloading 1 native plugins for Editor in 0.05 ms.
Invoked RoslynAnalysisRunner static constructor.
RoslynAnalysisRunner will not be running.
RoslynAnalysisRunner has terminated.
Mono: successfully reloaded assembly
- Completed reload, in  0.852 seconds
Platform modules already initialized, skipping
========================================================================
Worker process is ready to serve import requests
Shader 'Universal Render Pipeline/Particles/Lit': fallback shader 'Universal Render Pipeline/Particles/SimpleLit' not found
Launched and connected shader compiler UnityShaderCompiler.exe after 0.03 seconds
Refreshing native plugins compatible for Editor in 0.58 ms, found 1 plugins.
Preloading 1 native plugins for Editor in 0.05 ms.
Unloading 2853 Unused Serialized files (Serialized files now loaded: 0)
System memory in use before: 214.3 MB.
System memory in use after: 214.5 MB.

Unloading 17 unused Assets to reduce memory usage. Loaded Objects now: 3311.
Total: 2.434300 ms (FindLiveObjects: 0.341600 ms CreateObjectMapping: 0.069600 ms MarkObjects: 1.949700 ms  DeleteObjects: 0.072100 ms)

========================================================================
Received Import Request.
  path: Assets/Materials/MatRobotType-1/Ramp.mat
  artifactKey: Guid(424e043ba5ab0dc438f93165ba0f46e6) Importer(815301076,1909f56bfc062723c751e8b465ee728b)
Start importing Assets/Materials/MatRobotType-1/Ramp.mat using Guid(424e043ba5ab0dc438f93165ba0f46e6) Importer(815301076,1909f56bfc062723c751e8b465ee728b)  -> (artifact id: '3c390c9e46d7ae2b61aaf86db9e10ff2') in 0.082246 seconds
  Import took 0.086719 seconds .

========================================================================
Received Import Request.
  Time since last request: 0.000200 seconds.
  path: Assets/Crowd Animations/red team/Materials/RED_male_3_obj_Packed0_Diffuse.mat
  artifactKey: Guid(d5b5bf7ab50d9fd408b6752b2c4e902b) Importer(815301076,1909f56bfc062723c751e8b465ee728b)
Start importing Assets/Crowd Animations/red team/Materials/RED_male_3_obj_Packed0_Diffuse.mat using Guid(d5b5bf7ab50d9fd408b6752b2c4e902b) Importer(815301076,1909f56bfc062723c751e8b465ee728b)  -> (artifact id: 'ac9e7cc00e9c772c165cd7e63ec41e46') in 0.014939 seconds
  Import took 0.019092 seconds .

========================================================================
Received Import Request.
  Time since last request: 0.000152 seconds.
  path: Assets/Crowd Animations/red team/Materials/RED_male_3_obj_Packed1_Diffuse.mat
  artifactKey: Guid(8656c0d9e40a2314ab33d24f97454bd7) Importer(815301076,1909f56bfc062723c751e8b465ee728b)
Start importing Assets/Crowd Animations/red team/Materials/RED_male_3_obj_Packed1_Diffuse.mat using Guid(8656c0d9e40a2314ab33d24f97454bd7) Importer(815301076,1909f56bfc062723c751e8b465ee728b)  -> (artifact id: '1c9e1f292e4bc8f2b245ed7aa075c09f') in 0.011844 seconds
  Import took 0.015668 seconds .

========================================================================
Received Import Request.
  Time since last request: 0.000165 seconds.
  path: Assets/Materials/Robot4.mat
  artifactKey: Guid(92540bf33ecdb4f48ac476eba8425c7d) Importer(815301076,1909f56bfc062723c751e8b465ee728b)
Start importing Assets/Materials/Robot4.mat using Guid(92540bf33ecdb4f48ac476eba8425c7d) Importer(815301076,1909f56bfc062723c751e8b465ee728b)  -> (artifact id: '43ed5ed0b58f96d438857df4d230db1a') in 0.011027 seconds
  Import took 0.014859 seconds .

========================================================================
Received Import Request.
  Time since last request: 0.000205 seconds.
  path: Assets/Materials/PlexiGlass.mat
  artifactKey: Guid(abd9f30138b2d4c2a9a45518dee5fa03) Importer(815301076,1909f56bfc062723c751e8b465ee728b)
Start importing Assets/Materials/PlexiGlass.mat using Guid(abd9f30138b2d4c2a9a45518dee5fa03) Importer(815301076,1909f56bfc062723c751e8b465ee728b)  -> (artifact id: 'f580aed07f1ec63baa2bcf68cb847fee') in 0.009467 seconds
  Import took 0.013353 seconds .

========================================================================
Received Import Request.
  Time since last request: 0.000185 seconds.
  path: Assets/Materials/RedWobble.mat
  artifactKey: Guid(fcf563b8a0fae2841a0013f24a281f62) Importer(815301076,1909f56bfc062723c751e8b465ee728b)
Start importing Assets/Materials/RedWobble.mat using Guid(fcf563b8a0fae2841a0013f24a281f62) Importer(815301076,1909f56bfc062723c751e8b465ee728b)  -> (artifact id: '0b0bcf15cf8f98d99c2732be2d32d4a4') in 0.011156 seconds
  Import took 0.015160 seconds .

========================================================================
Received Import Request.
  Time since last request: 0.000141 seconds.
  path: Assets/Materials/Robot2.mat
  artifactKey: Guid(61884a7a2b3f4a8409a0662710c7e11f) Importer(815301076,1909f56bfc062723c751e8b465ee728b)
Start importing Assets/Materials/Robot2.mat using Guid(61884a7a2b3f4a8409a0662710c7e11f) Importer(815301076,1909f56bfc062723c751e8b465ee728b)  -> (artifact id: 'ba69aca1c0af17e6cb1b20c7a51560f9') in 0.011004 seconds
  Import took 0.014631 seconds .

========================================================================
Received Import Request.
  Time since last request: 0.000139 seconds.
  path: Assets/Subtance Textures/Rubber Matt.mat
  artifactKey: Guid(8b52a3c78e3df5e44aacf697c7124f01) Importer(815301076,1909f56bfc062723c751e8b465ee728b)
Start importing Assets/Subtance Textures/Rubber Matt.mat using Guid(8b52a3c78e3df5e44aacf697c7124f01) Importer(815301076,1909f56bfc062723c751e8b465ee728b)  -> (artifact id: '734f8d67e8599ef79d433c6e29e77b1c') in 0.012581 seconds
  Import took 0.016511 seconds .

========================================================================
Received Import Request.
  Time since last request: 0.000146 seconds.
  path: Assets/Langar-Regular.ttf
  artifactKey: Guid(6611d5c10babc1241b0decc885a3fa5a) Importer(815301076,1909f56bfc062723c751e8b465ee728b)
Start importing Assets/Langar-Regular.ttf using Guid(6611d5c10babc1241b0decc885a3fa5a) Importer(815301076,1909f56bfc062723c751e8b465ee728b)  -> (artifact id: '06fe06df9d8a80bb8d03d6d8222c8b89') in 0.018248 seconds
  Import took 0.021954 seconds .

========================================================================
Received Import Request.
  Time since last request: 0.000228 seconds.
  path: Assets/Crowd Animations/red team/Materials/red_male_1_obj_Packed1_Diffuse.mat
  artifactKey: Guid(caf7cfc5388927f458edde86a3e35374) Importer(815301076,1909f56bfc062723c751e8b465ee728b)
Start importing Assets/Crowd Animations/red team/Materials/red_male_1_obj_Packed1_Diffuse.mat using Guid(caf7cfc5388927f458edde86a3e35374) Importer(815301076,1909f56bfc062723c751e8b465ee728b)  -> (artifact id: '857223afc888c2511c9fbaa496e8ba37') in 0.010514 seconds
  Import took 0.014816 seconds .

========================================================================
Received Import Request.
  Time since last request: 0.000159 seconds.
  path: Assets/Materials/Robot3.mat
  artifactKey: Guid(9cb9072cb8196a54ca5eb4f7ad6daef2) Importer(815301076,1909f56bfc062723c751e8b465ee728b)
Start importing Assets/Materials/Robot3.mat using Guid(9cb9072cb8196a54ca5eb4f7ad6daef2) Importer(815301076,1909f56bfc062723c751e8b465ee728b)  -> (artifact id: 'a9937449d954f2889b54e1d8be9dfa07') in 0.008746 seconds
  Import took 0.012216 seconds .

========================================================================
Received Import Request.
  Time since last request: 0.000150 seconds.
  path: Assets/Boogaloo-Regular.ttf
  artifactKey: Guid(67e78446e08de2d42b84fd13335d353e) Importer(815301076,1909f56bfc062723c751e8b465ee728b)
Start importing Assets/Boogaloo-Regular.ttf using Guid(67e78446e08de2d42b84fd13335d353e) Importer(815301076,1909f56bfc062723c751e8b465ee728b)  -> (artifact id: 'ecb170e904b219c8ec86a18a57be6e83') in 0.009972 seconds
  Import took 0.013581 seconds .

========================================================================
Received Import Request.
  Time since last request: 0.000141 seconds.
  path: Assets/TextMesh Pro/Fonts/LiberationSans.ttf
  artifactKey: Guid(e3265ab4bf004d28a9537516768c1c75) Importer(815301076,1909f56bfc062723c751e8b465ee728b)
Start importing Assets/TextMesh Pro/Fonts/LiberationSans.ttf using Guid(e3265ab4bf004d28a9537516768c1c75) Importer(815301076,1909f56bfc062723c751e8b465ee728b)  -> (artifact id: '54024d3e0ff5c270308ff2e8bace219a') in 0.009600 seconds
  Import took 0.013074 seconds .

========================================================================
Received Import Request.
  Time since last request: 0.000159 seconds.
  path: Assets/Crowd Animations/red team/Materials/Red_male_2_obj_Packed1_Diffuse.mat
  artifactKey: Guid(298b1409de5a6f542999fa5ce491d667) Importer(815301076,1909f56bfc062723c751e8b465ee728b)
Start importing Assets/Crowd Animations/red team/Materials/Red_male_2_obj_Packed1_Diffuse.mat using Guid(298b1409de5a6f542999fa5ce491d667) Importer(815301076,1909f56bfc062723c751e8b465ee728b)  -> (artifact id: '8378c86f8eac96c7c5f4402431266eef') in 0.010499 seconds
  Import took 0.014079 seconds .

========================================================================
Received Import Request.
  Time since last request: 0.000163 seconds.
  path: Assets/Crowd Animations/red team/Materials/Red_male_4_obj_Packed0_Diffuse.mat
  artifactKey: Guid(70dfb16e070a55d41870ba207a4c9d9d) Importer(815301076,1909f56bfc062723c751e8b465ee728b)
Start importing Assets/Crowd Animations/red team/Materials/Red_male_4_obj_Packed0_Diffuse.mat using Guid(70dfb16e070a55d41870ba207a4c9d9d) Importer(815301076,1909f56bfc062723c751e8b465ee728b)  -> (artifact id: '19bd10b39cf733619485f9507b75cee8') in 0.009580 seconds
  Import took 0.013186 seconds .

========================================================================
Received Import Request.
  Time since last request: 0.000162 seconds.
  path: Assets/Crowd Animations/red team/Materials/Red_male_2_obj_Packed0_Diffuse.mat
  artifactKey: Guid(0c4eb6c203fc49345a941aca9bd5060d) Importer(815301076,1909f56bfc062723c751e8b465ee728b)
Start importing Assets/Crowd Animations/red team/Materials/Red_male_2_obj_Packed0_Diffuse.mat using Guid(0c4eb6c203fc49345a941aca9bd5060d) Importer(815301076,1909f56bfc062723c751e8b465ee728b)  -> (artifact id: 'ba9e95335e1d335f76f7a294957dcd25') in 0.009208 seconds
  Import took 0.012800 seconds .

========================================================================
Received Import Request.
  Time since last request: 0.000162 seconds.
  path: Assets/Materials/Robot1.mat
  artifactKey: Guid(822d8247f530eec44b194fdfc4b8107d) Importer(815301076,1909f56bfc062723c751e8b465ee728b)
Start importing Assets/Materials/Robot1.mat using Guid(822d8247f530eec44b194fdfc4b8107d) Importer(815301076,1909f56bfc062723c751e8b465ee728b)  -> (artifact id: '31dffc26794a898752438df1a3e00050') in 0.008298 seconds
  Import took 0.011781 seconds .

========================================================================
Received Import Request.
  Time since last request: 0.000149 seconds.
  path: Assets/Materials/MatRobotType-1/Rollers.mat
  artifactKey: Guid(c834312fb5058f34dbc4c4d730a39b69) Importer(815301076,1909f56bfc062723c751e8b465ee728b)
Start importing Assets/Materials/MatRobotType-1/Rollers.mat using Guid(c834312fb5058f34dbc4c4d730a39b69) Importer(815301076,1909f56bfc062723c751e8b465ee728b)  -> (artifact id: '9dfb88f4ff041e94ab8594ff4f53006b') in 0.008849 seconds
  Import took 0.012652 seconds .

========================================================================
Received Import Request.
  Time since last request: 0.000189 seconds.
  path: Assets/time.png
  artifactKey: Guid(43989da6e79a30f4d9a7db489962ce0e) Importer(815301076,1909f56bfc062723c751e8b465ee728b)
Start importing Assets/time.png using Guid(43989da6e79a30f4d9a7db489962ce0e) Importer(815301076,1909f56bfc062723c751e8b465ee728b)  -> (artifact id: 'da9551eb8ca6f07393228a69aed5b18f') in 0.055804 seconds
  Import took 0.059886 seconds .

========================================================================
Received Import Request.
  Time since last request: 0.000208 seconds.
  path: Assets/UI_Background.png
  artifactKey: Guid(8b8d64f0cec9e4c9f994909197ec62fa) Importer(815301076,1909f56bfc062723c751e8b465ee728b)
Start importing Assets/UI_Background.png using Guid(8b8d64f0cec9e4c9f994909197ec62fa) Importer(815301076,1909f56bfc062723c751e8b465ee728b)  -> (artifact id: '30cc8c6fc636bd27c3d58088042b8cce') in 0.010463 seconds
  Import took 0.014622 seconds .

========================================================================
Received Import Request.
  Time since last request: 0.000202 seconds.
  path: Assets/Crowd Animations/red team/Materials/red_male_1_obj_Packed0_Diffuse.mat
  artifactKey: Guid(9819cc43bd0d0cf43a12593b75c97087) Importer(815301076,1909f56bfc062723c751e8b465ee728b)
Start importing Assets/Crowd Animations/red team/Materials/red_male_1_obj_Packed0_Diffuse.mat using Guid(9819cc43bd0d0cf43a12593b75c97087) Importer(815301076,1909f56bfc062723c751e8b465ee728b)  -> (artifact id: 'eeb86da05014b1d1d97d9c156cea3920') in 0.009952 seconds
  Import took 0.014196 seconds .

========================================================================
Received Import Request.
  Time since last request: 0.000191 seconds.
  path: Assets/Crowd Animations/red team/Materials/Red_male_4_obj_Packed1_Diffuse.mat
  artifactKey: Guid(43d547491daac0a4f93bacf156784163) Importer(815301076,1909f56bfc062723c751e8b465ee728b)
Start importing Assets/Crowd Animations/red team/Materials/Red_male_4_obj_Packed1_Diffuse.mat using Guid(43d547491daac0a4f93bacf156784163) Importer(815301076,1909f56bfc062723c751e8b465ee728b)  -> (artifact id: 'eac6bd89891f538505b337236e1bb345') in 0.010046 seconds
  Import took 0.014337 seconds .

========================================================================
Received Import Request.
  Time since last request: 1.422505 seconds.
  path: Assets/HDRPDefaultResources/DefaultHDRISky.exr
  artifactKey: Guid(54a3a0570aebe8949bec4966f1376581) Importer(815301076,1909f56bfc062723c751e8b465ee728b)
Start importing Assets/HDRPDefaultResources/DefaultHDRISky.exr using Guid(54a3a0570aebe8949bec4966f1376581) Importer(815301076,1909f56bfc062723c751e8b465ee728b)  -> (artifact id: 'b216e94a9e5222f682120bb24c52c26d') in 0.016039 seconds
  Import took 0.020333 seconds .

========================================================================
Received Import Request.
  Time since last request: 0.000168 seconds.
  path: Assets/HDRPDefaultResources/DefaultSceneRoot.prefab
  artifactKey: Guid(da847df0285788840a0e526efa072f53) Importer(815301076,1909f56bfc062723c751e8b465ee728b)
Start importing Assets/HDRPDefaultResources/DefaultSceneRoot.prefab using Guid(da847df0285788840a0e526efa072f53) Importer(815301076,1909f56bfc062723c751e8b465ee728b)  -> (artifact id: '9f7f1ca866fef38f213abaddcbc4aa24') in 0.013492 seconds
  Import took 0.017072 seconds .

========================================================================
Received Import Request.
  Time since last request: 12.714872 seconds.
  path: Assets/RenderPipeline/Settings
  artifactKey: Guid(dcdb1f94d436eb946b47392c2fe7730d) Importer(815301076,1909f56bfc062723c751e8b465ee728b)
Start importing Assets/RenderPipeline/Settings using Guid(dcdb1f94d436eb946b47392c2fe7730d) Importer(815301076,1909f56bfc062723c751e8b465ee728b)  -> (artifact id: '93869dadd82baefeabd57c7fe3c734ea') in 0.005222 seconds
  Import took 0.009427 seconds .

========================================================================
Received Import Request.
  Time since last request: 0.048802 seconds.
  path: Assets/RenderPipeline/Settings/DefaultPostprocessingSettings.asset
  artifactKey: Guid(92677ed6886ef03488c89897c876db53) Importer(815301076,1909f56bfc062723c751e8b465ee728b)
Start importing Assets/RenderPipeline/Settings/DefaultPostprocessingSettings.asset using Guid(92677ed6886ef03488c89897c876db53) Importer(815301076,1909f56bfc062723c751e8b465ee728b)  -> (artifact id: '60f06221632ef5d0cbfb96f3699bf090') in 0.007090 seconds
  Import took 0.011247 seconds .

========================================================================
Received Import Request.
  Time since last request: 0.000162 seconds.
  path: Assets/RenderPipeline/Settings/DefaultRenderingSettings.asset
  artifactKey: Guid(c5a6037baa6cca640b2fe8d4fa07fa6b) Importer(815301076,1909f56bfc062723c751e8b465ee728b)
Start importing Assets/RenderPipeline/Settings/DefaultRenderingSettings.asset using Guid(c5a6037baa6cca640b2fe8d4fa07fa6b) Importer(815301076,1909f56bfc062723c751e8b465ee728b)  -> (artifact id: '54cc12bc382b17f5e3841a7428f42680') in 0.005762 seconds
  Import took 0.009414 seconds .

========================================================================
Received Import Request.
  Time since last request: 2.305487 seconds.
  path: Assets/RenderPipeline/HDRP/HDRenderPipelineAsset.asset
  artifactKey: Guid(128f29c392c6e4f4d8084c06f5f65789) Importer(815301076,1909f56bfc062723c751e8b465ee728b)
Start importing Assets/RenderPipeline/HDRP/HDRenderPipelineAsset.asset using Guid(128f29c392c6e4f4d8084c06f5f65789) Importer(815301076,1909f56bfc062723c751e8b465ee728b)  -> (artifact id: '802970a3bad4c5d2a9b8de63dd5f8bac') in 0.005895 seconds
  Import took 0.010115 seconds .

========================================================================
Received Prepare
Registering precompiled user dll's ...
Registered in 0.001341 seconds.
Begin MonoManager ReloadAssembly
Native extension for WindowsStandalone target not found
Native extension for WebGL target not found
Refreshing native plugins compatible for Editor in 0.58 ms, found 1 plugins.
Preloading 1 native plugins for Editor in 0.05 ms.
Invoked RoslynAnalysisRunner static constructor.
RoslynAnalysisRunner will not be running.
RoslynAnalysisRunner has terminated.
Mono: successfully reloaded assembly
- Completed reload, in  0.719 seconds
Platform modules already initialized, skipping
Shader 'Universal Render Pipeline/Particles/Lit': fallback shader 'Universal Render Pipeline/Particles/SimpleLit' not found
Refreshing native plugins compatible for Editor in 0.57 ms, found 1 plugins.
Preloading 1 native plugins for Editor in 0.05 ms.
Unloading 2751 Unused Serialized files (Serialized files now loaded: 0)
System memory in use before: 211.6 MB.
System memory in use after: 211.8 MB.

Unloading 11 unused Assets to reduce memory usage. Loaded Objects now: 3361.
Total: 2.226300 ms (FindLiveObjects: 0.295700 ms CreateObjectMapping: 0.063900 ms MarkObjects: 1.846400 ms  DeleteObjects: 0.019200 ms)

========================================================================
Received Prepare
Registering precompiled user dll's ...
Registered in 0.001367 seconds.
Begin MonoManager ReloadAssembly
Native extension for WindowsStandalone target not found
Native extension for WebGL target not found
Refreshing native plugins compatible for Editor in 0.63 ms, found 1 plugins.
Preloading 1 native plugins for Editor in 0.06 ms.
Invoked RoslynAnalysisRunner static constructor.
RoslynAnalysisRunner will not be running.
RoslynAnalysisRunner has terminated.
Mono: successfully reloaded assembly
- Completed reload, in  0.735 seconds
Platform modules already initialized, skipping
Shader 'Universal Render Pipeline/Particles/Lit': fallback shader 'Universal Render Pipeline/Particles/SimpleLit' not found
Refreshing native plugins compatible for Editor in 0.59 ms, found 1 plugins.
Preloading 1 native plugins for Editor in 0.05 ms.
Unloading 2751 Unused Serialized files (Serialized files now loaded: 0)
System memory in use before: 212.7 MB.
System memory in use after: 212.9 MB.

Unloading 11 unused Assets to reduce memory usage. Loaded Objects now: 3363.
Total: 2.135100 ms (FindLiveObjects: 0.295800 ms CreateObjectMapping: 0.072600 ms MarkObjects: 1.750200 ms  DeleteObjects: 0.015500 ms)

========================================================================
Received Prepare
Registering precompiled user dll's ...
Registered in 0.001398 seconds.
Begin MonoManager ReloadAssembly
Native extension for WindowsStandalone target not found
Native extension for WebGL target not found
Refreshing native plugins compatible for Editor in 0.58 ms, found 1 plugins.
Preloading 1 native plugins for Editor in 0.05 ms.
Invoked RoslynAnalysisRunner static constructor.
RoslynAnalysisRunner will not be running.
RoslynAnalysisRunner has terminated.
Mono: successfully reloaded assembly
- Completed reload, in  0.741 seconds
Platform modules already initialized, skipping
Shader 'Universal Render Pipeline/Particles/Lit': fallback shader 'Universal Render Pipeline/Particles/SimpleLit' not found
Refreshing native plugins compatible for Editor in 0.60 ms, found 1 plugins.
Preloading 1 native plugins for Editor in 0.05 ms.
Unloading 2751 Unused Serialized files (Serialized files now loaded: 0)
System memory in use before: 211.7 MB.
System memory in use after: 211.9 MB.

Unloading 11 unused Assets to reduce memory usage. Loaded Objects now: 3365.
Total: 2.114700 ms (FindLiveObjects: 0.294400 ms CreateObjectMapping: 0.073700 ms MarkObjects: 1.733000 ms  DeleteObjects: 0.012600 ms)

========================================================================
Received Prepare
Registering precompiled user dll's ...
Registered in 0.001368 seconds.
Begin MonoManager ReloadAssembly
Native extension for WindowsStandalone target not found
Native extension for WebGL target not found
Refreshing native plugins compatible for Editor in 0.59 ms, found 1 plugins.
Preloading 1 native plugins for Editor in 0.05 ms.
Invoked RoslynAnalysisRunner static constructor.
RoslynAnalysisRunner will not be running.
RoslynAnalysisRunner has terminated.
Mono: successfully reloaded assembly
- Completed reload, in  0.737 seconds
Platform modules already initialized, skipping
Shader 'Universal Render Pipeline/Particles/Lit': fallback shader 'Universal Render Pipeline/Particles/SimpleLit' not found
Refreshing native plugins compatible for Editor in 0.57 ms, found 1 plugins.
Preloading 1 native plugins for Editor in 0.05 ms.
Unloading 2751 Unused Serialized files (Serialized files now loaded: 0)
System memory in use before: 211.7 MB.
System memory in use after: 211.9 MB.

Unloading 11 unused Assets to reduce memory usage. Loaded Objects now: 3367.
Total: 2.072000 ms (FindLiveObjects: 0.306000 ms CreateObjectMapping: 0.063400 ms MarkObjects: 1.687700 ms  DeleteObjects: 0.014000 ms)

========================================================================
Received Prepare
Registering precompiled user dll's ...
Registered in 0.001298 seconds.
Begin MonoManager ReloadAssembly
Native extension for WindowsStandalone target not found
Native extension for WebGL target not found
Refreshing native plugins compatible for Editor in 0.57 ms, found 1 plugins.
Preloading 1 native plugins for Editor in 0.05 ms.
Invoked RoslynAnalysisRunner static constructor.
RoslynAnalysisRunner will not be running.
RoslynAnalysisRunner has terminated.
Mono: successfully reloaded assembly
- Completed reload, in  0.726 seconds
Platform modules already initialized, skipping
Shader 'Universal Render Pipeline/Particles/Lit': fallback shader 'Universal Render Pipeline/Particles/SimpleLit' not found
Refreshing native plugins compatible for Editor in 0.58 ms, found 1 plugins.
Preloading 1 native plugins for Editor in 0.05 ms.
Unloading 2751 Unused Serialized files (Serialized files now loaded: 0)
System memory in use before: 211.7 MB.
System memory in use after: 212.0 MB.

Unloading 11 unused Assets to reduce memory usage. Loaded Objects now: 3369.
Total: 2.104800 ms (FindLiveObjects: 0.324800 ms CreateObjectMapping: 0.064300 ms MarkObjects: 1.700400 ms  DeleteObjects: 0.014100 ms)

========================================================================
Received Prepare
Registering precompiled user dll's ...
Registered in 0.001262 seconds.
Begin MonoManager ReloadAssembly
Native extension for WindowsStandalone target not found
Native extension for WebGL target not found
Refreshing native plugins compatible for Editor in 0.57 ms, found 1 plugins.
Preloading 1 native plugins for Editor in 0.05 ms.
Invoked RoslynAnalysisRunner static constructor.
RoslynAnalysisRunner will not be running.
RoslynAnalysisRunner has terminated.
Mono: successfully reloaded assembly
- Completed reload, in  0.746 seconds
Platform modules already initialized, skipping
Shader 'Universal Render Pipeline/Particles/Lit': fallback shader 'Universal Render Pipeline/Particles/SimpleLit' not found
Refreshing native plugins compatible for Editor in 0.62 ms, found 1 plugins.
Preloading 1 native plugins for Editor in 0.05 ms.
Unloading 2751 Unused Serialized files (Serialized files now loaded: 0)
System memory in use before: 211.7 MB.
System memory in use after: 212.0 MB.

Unloading 11 unused Assets to reduce memory usage. Loaded Objects now: 3371.
Total: 2.254000 ms (FindLiveObjects: 0.356800 ms CreateObjectMapping: 0.077500 ms MarkObjects: 1.805000 ms  DeleteObjects: 0.013800 ms)

========================================================================
Received Prepare
Registering precompiled user dll's ...
Registered in 0.001250 seconds.
Begin MonoManager ReloadAssembly
Native extension for WindowsStandalone target not found
Native extension for WebGL target not found
Refreshing native plugins compatible for Editor in 0.58 ms, found 1 plugins.
Preloading 1 native plugins for Editor in 0.05 ms.
Invoked RoslynAnalysisRunner static constructor.
RoslynAnalysisRunner will not be running.
RoslynAnalysisRunner has terminated.
Mono: successfully reloaded assembly
- Completed reload, in  0.712 seconds
Platform modules already initialized, skipping
Shader 'Universal Render Pipeline/Particles/Lit': fallback shader 'Universal Render Pipeline/Particles/SimpleLit' not found
Refreshing native plugins compatible for Editor in 0.58 ms, found 1 plugins.
Preloading 1 native plugins for Editor in 0.05 ms.
Unloading 2751 Unused Serialized files (Serialized files now loaded: 0)
System memory in use before: 211.7 MB.
System memory in use after: 212.0 MB.

Unloading 11 unused Assets to reduce memory usage. Loaded Objects now: 3373.
Total: 2.047300 ms (FindLiveObjects: 0.262700 ms CreateObjectMapping: 0.062400 ms MarkObjects: 1.707500 ms  DeleteObjects: 0.013500 ms)

========================================================================
Received Prepare
Registering precompiled user dll's ...
Registered in 0.001225 seconds.
Begin MonoManager ReloadAssembly
Native extension for WindowsStandalone target not found
Native extension for WebGL target not found
Refreshing native plugins compatible for Editor in 0.59 ms, found 1 plugins.
Preloading 1 native plugins for Editor in 0.06 ms.
Invoked RoslynAnalysisRunner static constructor.
RoslynAnalysisRunner will not be running.
RoslynAnalysisRunner has terminated.
Mono: successfully reloaded assembly
- Completed reload, in  0.717 seconds
Platform modules already initialized, skipping
Shader 'Universal Render Pipeline/Particles/Lit': fallback shader 'Universal Render Pipeline/Particles/SimpleLit' not found
Refreshing native plugins compatible for Editor in 0.59 ms, found 1 plugins.
Preloading 1 native plugins for Editor in 0.05 ms.
Unloading 2751 Unused Serialized files (Serialized files now loaded: 0)
System memory in use before: 211.7 MB.
System memory in use after: 212.0 MB.

Unloading 11 unused Assets to reduce memory usage. Loaded Objects now: 3375.
Total: 2.118400 ms (FindLiveObjects: 0.365600 ms CreateObjectMapping: 0.075800 ms MarkObjects: 1.662600 ms  DeleteObjects: 0.013700 ms)

========================================================================
Received Prepare
Registering precompiled user dll's ...
Registered in 0.001285 seconds.
Begin MonoManager ReloadAssembly
Native extension for WindowsStandalone target not found
Native extension for WebGL target not found
Refreshing native plugins compatible for Editor in 0.58 ms, found 1 plugins.
Preloading 1 native plugins for Editor in 0.05 ms.
Invoked RoslynAnalysisRunner static constructor.
RoslynAnalysisRunner will not be running.
RoslynAnalysisRunner has terminated.
Mono: successfully reloaded assembly
- Completed reload, in  0.717 seconds
Platform modules already initialized, skipping
Shader 'Universal Render Pipeline/Particles/Lit': fallback shader 'Universal Render Pipeline/Particles/SimpleLit' not found
Refreshing native plugins compatible for Editor in 0.59 ms, found 1 plugins.
Preloading 1 native plugins for Editor in 0.05 ms.
Unloading 2751 Unused Serialized files (Serialized files now loaded: 0)
System memory in use before: 211.8 MB.
System memory in use after: 212.0 MB.

Unloading 11 unused Assets to reduce memory usage. Loaded Objects now: 3377.
Total: 2.095600 ms (FindLiveObjects: 0.305300 ms CreateObjectMapping: 0.073300 ms MarkObjects: 1.703500 ms  DeleteObjects: 0.012600 ms)

========================================================================
Received Prepare
Registering precompiled user dll's ...
Registered in 0.001424 seconds.
Begin MonoManager ReloadAssembly
Native extension for WindowsStandalone target not found
Native extension for WebGL target not found
Refreshing native plugins compatible for Editor in 0.59 ms, found 1 plugins.
Preloading 1 native plugins for Editor in 0.05 ms.
Invoked RoslynAnalysisRunner static constructor.
RoslynAnalysisRunner will not be running.
RoslynAnalysisRunner has terminated.
Mono: successfully reloaded assembly
- Completed reload, in  0.724 seconds
Platform modules already initialized, skipping
Shader 'Universal Render Pipeline/Particles/Lit': fallback shader 'Universal Render Pipeline/Particles/SimpleLit' not found
Refreshing native plugins compatible for Editor in 0.58 ms, found 1 plugins.
Preloading 1 native plugins for Editor in 0.05 ms.
Unloading 2751 Unused Serialized files (Serialized files now loaded: 0)
System memory in use before: 211.8 MB.
System memory in use after: 212.0 MB.

Unloading 11 unused Assets to reduce memory usage. Loaded Objects now: 3379.
Total: 2.079600 ms (FindLiveObjects: 0.291700 ms CreateObjectMapping: 0.064200 ms MarkObjects: 1.709400 ms  DeleteObjects: 0.013300 ms)

========================================================================
Received Prepare
Registering precompiled user dll's ...
Registered in 0.001549 seconds.
Begin MonoManager ReloadAssembly
Native extension for WindowsStandalone target not found
Native extension for WebGL target not found
Refreshing native plugins compatible for Editor in 0.60 ms, found 1 plugins.
Preloading 1 native plugins for Editor in 0.05 ms.
Invoked RoslynAnalysisRunner static constructor.
RoslynAnalysisRunner will not be running.
RoslynAnalysisRunner has terminated.
Mono: successfully reloaded assembly
- Completed reload, in  0.722 seconds
Platform modules already initialized, skipping
Shader 'Universal Render Pipeline/Particles/Lit': fallback shader 'Universal Render Pipeline/Particles/SimpleLit' not found
Refreshing native plugins compatible for Editor in 0.62 ms, found 1 plugins.
Preloading 1 native plugins for Editor in 0.05 ms.
Unloading 2751 Unused Serialized files (Serialized files now loaded: 0)
System memory in use before: 211.8 MB.
System memory in use after: 212.0 MB.

Unloading 11 unused Assets to reduce memory usage. Loaded Objects now: 3381.
Total: 2.336700 ms (FindLiveObjects: 0.327900 ms CreateObjectMapping: 0.064900 ms MarkObjects: 1.925100 ms  DeleteObjects: 0.017900 ms)

========================================================================
Received Prepare
Registering precompiled user dll's ...
Registered in 0.002032 seconds.
Begin MonoManager ReloadAssembly
Native extension for WindowsStandalone target not found
Native extension for WebGL target not found
Refreshing native plugins compatible for Editor in 0.62 ms, found 1 plugins.
Preloading 1 native plugins for Editor in 0.05 ms.
Invoked RoslynAnalysisRunner static constructor.
RoslynAnalysisRunner will not be running.
RoslynAnalysisRunner has terminated.
Mono: successfully reloaded assembly
- Completed reload, in  0.750 seconds
Platform modules already initialized, skipping
Shader 'Universal Render Pipeline/Particles/Lit': fallback shader 'Universal Render Pipeline/Particles/SimpleLit' not found
Refreshing native plugins compatible for Editor in 0.60 ms, found 1 plugins.
Preloading 1 native plugins for Editor in 0.05 ms.
Unloading 2751 Unused Serialized files (Serialized files now loaded: 0)
System memory in use before: 211.8 MB.
System memory in use after: 212.0 MB.

Unloading 11 unused Assets to reduce memory usage. Loaded Objects now: 3383.
Total: 2.470000 ms (FindLiveObjects: 0.522800 ms CreateObjectMapping: 0.107800 ms MarkObjects: 1.824900 ms  DeleteObjects: 0.013500 ms)

========================================================================
Received Prepare
Registering precompiled user dll's ...
Registered in 0.001442 seconds.
Begin MonoManager ReloadAssembly
Native extension for WindowsStandalone target not found
Native extension for WebGL target not found
Refreshing native plugins compatible for Editor in 0.58 ms, found 1 plugins.
Preloading 1 native plugins for Editor in 0.05 ms.
Invoked RoslynAnalysisRunner static constructor.
RoslynAnalysisRunner will not be running.
RoslynAnalysisRunner has terminated.
Mono: successfully reloaded assembly
- Completed reload, in  0.728 seconds
Platform modules already initialized, skipping
Shader 'Universal Render Pipeline/Particles/Lit': fallback shader 'Universal Render Pipeline/Particles/SimpleLit' not found
Refreshing native plugins compatible for Editor in 0.61 ms, found 1 plugins.
Preloading 1 native plugins for Editor in 0.05 ms.
Unloading 2751 Unused Serialized files (Serialized files now loaded: 0)
System memory in use before: 211.8 MB.
System memory in use after: 212.0 MB.

Unloading 11 unused Assets to reduce memory usage. Loaded Objects now: 3385.
Total: 2.075200 ms (FindLiveObjects: 0.308800 ms CreateObjectMapping: 0.068000 ms MarkObjects: 1.683300 ms  DeleteObjects: 0.014000 ms)

========================================================================
Received Import Request.
  Time since last request: 612.358916 seconds.
  path: Assets/Pictures/robot.jpg
  artifactKey: Guid(454d42f03f9718b43812adad4068753a) Importer(815301076,1909f56bfc062723c751e8b465ee728b)
Start importing Assets/Pictures/robot.jpg using Guid(454d42f03f9718b43812adad4068753a) Importer(815301076,1909f56bfc062723c751e8b465ee728b)  -> (artifact id: '6044ca65fa83bbc29d5bcb26112c1396') in 0.075877 seconds
  Import took 0.080251 seconds .

========================================================================
Received Import Request.
  Time since last request: 0.791100 seconds.
  path: Assets/Materials/Particle 2.mat
  artifactKey: Guid(9f519bffe5e0df9498d1bdd08e828c86) Importer(815301076,1909f56bfc062723c751e8b465ee728b)
Start importing Assets/Materials/Particle 2.mat using Guid(9f519bffe5e0df9498d1bdd08e828c86) Importer(815301076,1909f56bfc062723c751e8b465ee728b)  -> (artifact id: '97d09b62979c728efbecf6ae14d424d2') in 0.028372 seconds
  Import took 0.032539 seconds .

========================================================================
Received Import Request.
  Time since last request: 0.000161 seconds.
  path: Assets/Materials/Robot1.mat
  artifactKey: Guid(822d8247f530eec44b194fdfc4b8107d) Importer(815301076,1909f56bfc062723c751e8b465ee728b)
Start importing Assets/Materials/Robot1.mat using Guid(822d8247f530eec44b194fdfc4b8107d) Importer(815301076,1909f56bfc062723c751e8b465ee728b)  -> (artifact id: '1fbce0e6ad9b8fe72b187ba8b811fc92') in 0.010098 seconds
  Import took 0.013748 seconds .

========================================================================
Received Import Request.
  Time since last request: 3.730834 seconds.
  path: Assets/CAD/perimeter simple v3_Shrinkwrap_1 v1.fbx
  artifactKey: Guid(30650e8218c68b04083e1cc40bf863b6) Importer(815301076,1909f56bfc062723c751e8b465ee728b)
Start importing Assets/CAD/perimeter simple v3_Shrinkwrap_1 v1.fbx using Guid(30650e8218c68b04083e1cc40bf863b6) Importer(815301076,1909f56bfc062723c751e8b465ee728b)  -> (artifact id: 'ef1df336e17af77faf6cfdd9f7d11e5c') in 0.152353 seconds
  Import took 0.156871 seconds .

========================================================================
Received Import Request.
  Time since last request: 0.000185 seconds.
  path: Assets/CAD/sweeper_Shrinkwrap_1 v1.fbx
  artifactKey: Guid(fab6bbdfccf128d43b7475257d4e6305) Importer(815301076,1909f56bfc062723c751e8b465ee728b)
Start importing Assets/CAD/sweeper_Shrinkwrap_1 v1.fbx using Guid(fab6bbdfccf128d43b7475257d4e6305) Importer(815301076,1909f56bfc062723c751e8b465ee728b)  -> (artifact id: 'cc32e9f88f0cd5006e73bea2aea25155') in 0.087302 seconds
  Import took 0.091363 seconds .

========================================================================
Received Import Request.
  Time since last request: 3.293951 seconds.
  path: Assets/Sounds/3-2-1.wav
  artifactKey: Guid(a85c4d4aa17df264782ed709cb73853a) Importer(815301076,1909f56bfc062723c751e8b465ee728b)
Start importing Assets/Sounds/3-2-1.wav using Guid(a85c4d4aa17df264782ed709cb73853a) Importer(815301076,1909f56bfc062723c751e8b465ee728b)  -> (artifact id: '12ede9e505f63be4daaad170e2e8dd04') in 0.023269 seconds
  Import took 0.027497 seconds .

========================================================================
Received Import Request.
  Time since last request: 0.000157 seconds.
  path: Assets/Sounds/fogblast.wav
  artifactKey: Guid(27d0ffb6d9f38cb4f800e1f0bd575a4e) Importer(815301076,1909f56bfc062723c751e8b465ee728b)
Start importing Assets/Sounds/fogblast.wav using Guid(27d0ffb6d9f38cb4f800e1f0bd575a4e) Importer(815301076,1909f56bfc062723c751e8b465ee728b)  -> (artifact id: '87aba2b533269e2d4f1fd3ca8fbf7c96') in 0.011022 seconds
  Import took 0.014546 seconds .

========================================================================
Received Import Request.
  Time since last request: 0.000208 seconds.
  path: Assets/Sounds/endauto_with_warning.wav
  artifactKey: Guid(3b12694609e2f7640855457c3e4049f6) Importer(815301076,1909f56bfc062723c751e8b465ee728b)
Start importing Assets/Sounds/endauto_with_warning.wav using Guid(3b12694609e2f7640855457c3e4049f6) Importer(815301076,1909f56bfc062723c751e8b465ee728b)  -> (artifact id: '9b3f5246a0c6afd9d293cb902461e23b') in 0.054287 seconds
  Import took 0.058517 seconds .

========================================================================
Received Import Request.
  Time since last request: 0.000182 seconds.
  path: Assets/Sounds/factwhistle.wav
  artifactKey: Guid(a6fc90bddca65cc49a2a4de1d4526e11) Importer(815301076,1909f56bfc062723c751e8b465ee728b)
Start importing Assets/Sounds/factwhistle.wav using Guid(a6fc90bddca65cc49a2a4de1d4526e11) Importer(815301076,1909f56bfc062723c751e8b465ee728b)  -> (artifact id: '9adbed50121a3489a9f46400aba52eb8') in 0.023294 seconds
  Import took 0.026994 seconds .

========================================================================
Received Import Request.
  Time since last request: 0.000164 seconds.
  path: Assets/Sounds/Pick_Up_Controllers.wav
  artifactKey: Guid(3f004fdecc90af84387043a9405c1d97) Importer(815301076,1909f56bfc062723c751e8b465ee728b)
Start importing Assets/Sounds/Pick_Up_Controllers.wav using Guid(3f004fdecc90af84387043a9405c1d97) Importer(815301076,1909f56bfc062723c751e8b465ee728b)  -> (artifact id: '080a09e15e631e267fd1500846f8fa17') in 0.033332 seconds
  Import took 0.036949 seconds .

========================================================================
Received Import Request.
  Time since last request: 0.000176 seconds.
  path: Assets/Sounds/endauto.wav
  artifactKey: Guid(e9f35e576f8b16346b5e6f9d74cb484a) Importer(815301076,1909f56bfc062723c751e8b465ee728b)
Start importing Assets/Sounds/endauto.wav using Guid(e9f35e576f8b16346b5e6f9d74cb484a) Importer(815301076,1909f56bfc062723c751e8b465ee728b)  -> (artifact id: 'a0c90be3111272d7bdd1db5ceab66f34') in 0.031781 seconds
  Import took 0.035433 seconds .

========================================================================
Received Import Request.
  Time since last request: 0.000173 seconds.
  path: Assets/Sounds/endmatch.wav
  artifactKey: Guid(55ebe212cdc846541b1d9869c2f67119) Importer(815301076,1909f56bfc062723c751e8b465ee728b)
Start importing Assets/Sounds/endmatch.wav using Guid(55ebe212cdc846541b1d9869c2f67119) Importer(815301076,1909f56bfc062723c751e8b465ee728b)  -> (artifact id: 'cf77bdc6037cb50c2a2a1c6137fe4e98') in 0.042869 seconds
  Import took 0.046510 seconds .

========================================================================
Received Import Request.
  Time since last request: 0.000168 seconds.
  path: Assets/Sounds/firebell.wav
  artifactKey: Guid(11d975110235aab47889d4a9f49e443a) Importer(815301076,1909f56bfc062723c751e8b465ee728b)
Start importing Assets/Sounds/firebell.wav using Guid(11d975110235aab47889d4a9f49e443a) Importer(815301076,1909f56bfc062723c751e8b465ee728b)  -> (artifact id: 'c16dcff9d12b14ced1123dce68d6a6ca') in 0.020072 seconds
  Import took 0.023674 seconds .

========================================================================
Received Import Request.
  Time since last request: 0.000164 seconds.
  path: Assets/Sounds/charge.wav
  artifactKey: Guid(437f1eef9f8a9af4c857e8b74a1e4f40) Importer(815301076,1909f56bfc062723c751e8b465ee728b)
Start importing Assets/Sounds/charge.wav using Guid(437f1eef9f8a9af4c857e8b74a1e4f40) Importer(815301076,1909f56bfc062723c751e8b465ee728b)  -> (artifact id: '7ac8564b68b0b491963aef7b04a91b4a') in 0.009815 seconds
  Import took 0.013430 seconds .

========================================================================
Received Import Request.
  Time since last request: 76.386251 seconds.
  path: Assets/Stage Lights/Stage Lighting.prefab
  artifactKey: Guid(a6d7cded99839184980bcd0578007836) Importer(815301076,1909f56bfc062723c751e8b465ee728b)
Start importing Assets/Stage Lights/Stage Lighting.prefab using Guid(a6d7cded99839184980bcd0578007836) Importer(815301076,1909f56bfc062723c751e8b465ee728b)  -> (artifact id: '688673429f47f536eaf43388f2f881dd') in 0.101920 seconds
  Import took 0.106833 seconds .

========================================================================
Received Prepare
Registering precompiled user dll's ...
Registered in 0.001313 seconds.
Begin MonoManager ReloadAssembly
Native extension for WindowsStandalone target not found
Native extension for WebGL target not found
Refreshing native plugins compatible for Editor in 0.58 ms, found 1 plugins.
Preloading 1 native plugins for Editor in 0.06 ms.
Invoked RoslynAnalysisRunner static constructor.
RoslynAnalysisRunner will not be running.
RoslynAnalysisRunner has terminated.
Mono: successfully reloaded assembly
- Completed reload, in  0.728 seconds
Platform modules already initialized, skipping
Shader 'Universal Render Pipeline/Particles/Lit': fallback shader 'Universal Render Pipeline/Particles/SimpleLit' not found
Refreshing native plugins compatible for Editor in 0.58 ms, found 1 plugins.
Preloading 1 native plugins for Editor in 0.05 ms.
Unloading 2751 Unused Serialized files (Serialized files now loaded: 0)
System memory in use before: 212.1 MB.
System memory in use after: 212.3 MB.

Unloading 12 unused Assets to reduce memory usage. Loaded Objects now: 3395.
Total: 2.124100 ms (FindLiveObjects: 0.331800 ms CreateObjectMapping: 0.064600 ms MarkObjects: 1.697700 ms  DeleteObjects: 0.029300 ms)

AssetImportWorkerClient::OnTransportError - code=2 error=End of file
